<?xml version="1.0" encoding="UTF-8"?>
<!-- Generated by org.testng.reporters.JUnitXMLReporter -->
<testsuite hostname="SL504-SL704" ignored="0" tests="6" failures="6" timestamp="2022-03-11T19:52:27 CET" time="6.023" errors="0">
  <testcase name="Filtrowanie" time="0.001" classname="Tests">
    <failure type="java.lang.NullPointerException">
      <![CDATA[java.lang.NullPointerException
at Tests.Filtrowanie(Tests.java:98)
at java.util.ArrayList.forEach(ArrayList.java:1257)
... Removed 36 stack frames]]>
    </failure>
  </testcase> <!-- Filtrowanie -->
  <testcase name="Gallery" time="0.001" classname="Tests">
    <failure type="java.lang.NullPointerException">
      <![CDATA[java.lang.NullPointerException
at Tests.Gallery(Tests.java:83)
at java.util.ArrayList.forEach(ArrayList.java:1257)
... Removed 36 stack frames]]>
    </failure>
  </testcase> <!-- Gallery -->
  <testcase name="Logowanie" time="0.0" classname="Tests">
    <failure type="java.lang.NullPointerException">
      <![CDATA[java.lang.NullPointerException
at Tests.Logowanie(Tests.java:29)
at java.util.ArrayList.forEach(ArrayList.java:1257)
... Removed 36 stack frames]]>
    </failure>
  </testcase> <!-- Logowanie -->
  <testcase name="NiepoprawneHaslo" time="0.0" classname="Tests">
    <failure type="java.lang.NullPointerException">
      <![CDATA[java.lang.NullPointerException
at Tests.NiepoprawneHaslo(Tests.java:40)
at java.util.ArrayList.forEach(ArrayList.java:1257)
... Removed 36 stack frames]]>
    </failure>
  </testcase> <!-- NiepoprawneHaslo -->
  <testcase name="NiepoprawnyLogin" time="0.0" classname="Tests">
    <failure type="java.lang.NullPointerException">
      <![CDATA[java.lang.NullPointerException
at Tests.NiepoprawnyLogin(Tests.java:52)
at java.util.ArrayList.forEach(ArrayList.java:1257)
... Removed 36 stack frames]]>
    </failure>
  </testcase> <!-- NiepoprawnyLogin -->
  <testcase name="Wylogowywanie" time="0.0" classname="Tests">
    <failure type="java.lang.NullPointerException">
      <![CDATA[java.lang.NullPointerException
at Tests.Wylogowywanie(Tests.java:66)
at java.util.ArrayList.forEach(ArrayList.java:1257)
... Removed 36 stack frames]]>
    </failure>
  </testcase> <!-- Wylogowywanie -->
</testsuite>
